Arguments: 
  C:\Program Files\nodejs\node.exe C:\Program Files\nodejs\node_modules\yarn\bin\yarn.js add rollup-plugin-terser

PATH: 
  C:\Windows\system32;C:\Windows;C:\Windows\System32\OpenSSH;C:\Windows\System32\Wbem;C:\Windows\System32\WindowsPowerShell\v1.0;C:\Program Files\dotnet\;C:\Windows\system32\config\systemprofile\.go\bin;C:\Users\NUC\.cargo\bin;C:\Users\NUC\sdk\flutter\bin;C:\Program Files\JetBrains\PyCharm 2020.3.5\bin;;C:\Program Files\JetBrains\WebStorm 2022.3.4\bin;;C:\Users\NUC\.cargo\bin;C:\Users\NUC\.pyenv\pyenv-win\bin;C:\Users\NUC\.pyenv\pyenv-win\shims;C:\Users\NUC\AppData\Local\Programs\Python\Python311\Scripts\;C:\Users\NUC\AppData\Local\Programs\Python\Python311\;C:\Users\NUC\AppData\Local\Microsoft\WindowsApps;C:\Users\NUC\AppData\Roaming\nvm;C:\Program Files\nodejs;C:\Users\NUC\AppData\Local\Programs\Microsoft VS Code\bin;C:\Program Files\Neovim\bin;C:\Users\NUC\AppData\Local\Pub\Cache\bin;C:\Program Files\Git\bin;C:\Users\NUC\sdk\protoc-23.3\bin;C:\Users\NUC\.dotnet\tools;C:\Users\NUC\AppData\Local\Microsoft\WinGet\Links;C:\Users\NUC\.go\bin;

Yarn version: 
  1.22.19

Node version: 
  16.4.2

Platform: 
  win32 x64

Trace: 
  Error: EEXIST: file already exists, mkdir 'C:\Users\NUC\Desktop\自用文件\couriourc-graph-vis.github.io-main\packages\cli\node_modules\rollup-plugin-svg\node_modules'

npm manifest: 
  {
    "name": "@vis/cli",
    "version": "0.0.0",
    "description": "> TODO: description",
    "author": "陈 润 <godakid@outlook.com>",
    "homepage": "https://github.com/couriourc/couriourc-graph-vis.github.io#readme",
    "license": "ISC",
    "main": "lib/cli.js",
    "directories": {
      "lib": "lib",
      "test": "__tests__"
    },
    "files": [
      "lib"
    ],
    "publishConfig": {
      "access": "public"
    },
    "repository": {
      "type": "git",
      "url": "git+https://github.com/couriourc/couriourc-graph-vis.github.io.git"
    },
    "scripts": {
      "test": "node ./__tests__/@vis/cli.test.js"
    },
    "bugs": {
      "url": "https://github.com/couriourc/couriourc-graph-vis.github.io/issues"
    },
    "dependencies": {
      "@babel/core": "^7.22.9",
      "@rollup/plugin-alias": "^5.0.0",
      "@rollup/plugin-commonjs": "^25.0.3",
      "@rollup/plugin-image": "^3.0.2",
      "@vue/compiler-sfc": "^3.3.4",
      "postcss": "^8.4.27",
      "rollup": "^3.27.0",
      "rollup-plugin-babel": "^4.4.0",
      "rollup-plugin-copy": "^3.4.0",
      "rollup-plugin-node-resolve": "^5.2.0",
      "rollup-plugin-peer-deps-external": "^2.2.4",
      "rollup-plugin-postcss": "^4.0.2",
      "rollup-plugin-require-context": "^1.0.1",
      "rollup-plugin-svg": "^2.0.0",
      "rollup-plugin-url": "^3.0.1",
      "rollup-plugin-vue": "^6.0.0"
    },
    "devDependencies": {
      "rollup-plugin-livereload": "^2.0.5"
    }
  }

yarn manifest: 
  No manifest

Lockfile: 
  No lockfile
